<?xml version="1.0" encoding="UTF-8"?>
<!-- Generated by org.testng.reporters.JUnitReportReporter -->
<testsuite hostname="TYSS-Magendran" failures="0" tests="1" name="com.comcast.crm.Verification.loginAndVerification" time="5.281" errors="0" timestamp="2024-05-27T14:57:39 IST" skipped="0">
  <testcase classname="com.comcast.crm.Verification.loginAndVerification" name="loginpageVerification" time="5.281"/>
  <system-out/>
</testsuite> <!-- com.comcast.crm.Verification.loginAndVerification -->
