<?xml version="1.0" encoding="UTF-8"?>
<!-- Generated by org.testng.reporters.JUnitReportReporter -->
<testsuite hostname="TYSS-Magendran" failures="0" tests="1" name="com.comcast.crm.LoginTest.loginModuleTest" time="8.053" errors="0" timestamp="2024-05-28T18:15:58 IST" skipped="0">
  <testcase classname="com.comcast.crm.LoginTest.loginModuleTest" name="loginINTOCRM" time="8.053"/>
  <system-out/>
</testsuite> <!-- com.comcast.crm.LoginTest.loginModuleTest -->
