<?xml version="1.0" encoding="UTF-8"?>
<!-- Generated by org.testng.reporters.JUnitReportReporter -->
<testsuite hostname="TYSS-Magendran" failures="0" tests="1" name="com.comcast.crm.Verification.loginAndVerificationTest" time="0.122" errors="0" timestamp="2024-05-28T18:13:51 IST" skipped="0">
  <testcase classname="com.comcast.crm.Verification.loginAndVerificationTest" name="loginpageVerification" time="0.122"/>
  <system-out/>
</testsuite> <!-- com.comcast.crm.Verification.loginAndVerificationTest -->
