<?xml version="1.0" encoding="UTF-8"?>
<!-- Generated by org.testng.reporters.JUnitReportReporter -->
<testsuite hostname="TYSS-Magendran" failures="0" tests="1" name="com.comcast.crm.createLead.createLeadTest" time="49.941" errors="0" timestamp="2024-05-28T16:42:13 IST" skipped="0">
  <testcase classname="com.comcast.crm.createLead.createLeadTest" name="s" time="49.941"/>
  <system-out/>
</testsuite> <!-- com.comcast.crm.createLead.createLeadTest -->
