<?xml version="1.0" encoding="UTF-8"?>
<!-- Generated by org.testng.reporters.JUnitReportReporter -->
<testsuite hostname="TYSS-Magendran" failures="0" tests="1" name="com.comcast.crm.createOrg.createOrganizationRandomNameTest" time="7.336" errors="0" timestamp="2024-05-28T18:15:58 IST" skipped="0">
  <testcase classname="com.comcast.crm.createOrg.createOrganizationRandomNameTest" name="createOrganization" time="7.336"/>
  <system-out/>
</testsuite> <!-- com.comcast.crm.createOrg.createOrganizationRandomNameTest -->
