<?xml version="1.0" encoding="UTF-8"?>
<!-- Generated by org.testng.reporters.JUnitReportReporter -->
<testsuite hostname="TYSS-Magendran" failures="0" tests="1" name="com.comcast.crm.createOrg.createOrganizationRandomName" time="28.561" errors="0" timestamp="2024-05-27T17:34:18 IST" skipped="0">
  <testcase classname="com.comcast.crm.createOrg.createOrganizationRandomName" name="createOrganization" time="28.561"/>
  <system-out/>
</testsuite> <!-- com.comcast.crm.createOrg.createOrganizationRandomName -->
