<?xml version="1.0" encoding="UTF-8"?>
<!-- Generated by org.testng.reporters.JUnitReportReporter -->
<testsuite hostname="TYSS-Magendran" failures="0" tests="1" name="com.comcast.crm.Verification.loginSoftAssertTest" time="0.158" errors="0" timestamp="2024-05-28T18:13:29 IST" skipped="0">
  <testcase classname="com.comcast.crm.Verification.loginSoftAssertTest" name="loginSoft" time="0.158"/>
  <system-out/>
</testsuite> <!-- com.comcast.crm.Verification.loginSoftAssertTest -->
